# JRE version: Java(TM) SE Runtime Environment (8.0_144-b01) (build 1.8.0_144-b01)
# Java VM: Java HotSpot(TM) 64-Bit Server VM (25.144-b01 mixed mode windows-amd64 compressed oops)
Heap:
 PSYoungGen      total 205312K, used 31520K [0x0000000780b00000, 0x0000000794380000, 0x00000007c0000000)
  eden space 189440K, 8% used [0x0000000780b00000,0x0000000781a49238,0x000000078c400000)
  from space 15872K, 99% used [0x000000078c400000,0x000000078d37ef38,0x000000078d380000)
  to   space 23040K, 0% used [0x0000000792d00000,0x0000000792d00000,0x0000000794380000)
 ParOldGen       total 79360K, used 25953K [0x0000000702000000, 0x0000000706d80000, 0x0000000780b00000)
  object space 79360K, 32% used [0x0000000702000000,0x0000000703958468,0x0000000706d80000)
 Metaspace       used 26945K, capacity 27564K, committed 27776K, reserved 1073152K
  class space    used 3194K, capacity 3380K, committed 3456K, reserved 1048576K
GC Heap History (10 events):
Event: 3.553 GC heap before
{Heap before GC invocations=4 (full 0):
 PSYoungGen      total 56832K, used 56817K [0x0000000780b00000, 0x0000000787a00000, 0x00000007c0000000)
  eden space 49152K, 100% used [0x0000000780b00000,0x0000000783b00000,0x0000000783b00000)
  from space 7680K, 99% used [0x0000000783b00000,0x000000078427c460,0x0000000784280000)
  to   space 7680K, 0% used [0x0000000787280000,0x0000000787280000,0x0000000787a00000)
 ParOldGen       total 130048K, used 3243K [0x0000000702000000, 0x0000000709f00000, 0x0000000780b00000)
  object space 130048K, 2% used [0x0000000702000000,0x000000070232af70,0x0000000709f00000)
 Metaspace       used 19062K, capacity 19520K, committed 19584K, reserved 1067008K
  class space    used 2281K, capacity 2424K, committed 2432K, reserved 1048576K
Event: 3.574 GC heap after
Heap after GC invocations=4 (full 0):
 PSYoungGen      total 105984K, used 7649K [0x0000000780b00000, 0x0000000787a00000, 0x00000007c0000000)
  eden space 98304K, 0% used [0x0000000780b00000,0x0000000780b00000,0x0000000786b00000)
  from space 7680K, 99% used [0x0000000787280000,0x00000007879f8450,0x0000000787a00000)
  to   space 7680K, 0% used [0x0000000786b00000,0x0000000786b00000,0x0000000787280000)
 ParOldGen       total 130048K, used 7526K [0x0000000702000000, 0x0000000709f00000, 0x0000000780b00000)
  object space 130048K, 5% used [0x0000000702000000,0x0000000702759a38,0x0000000709f00000)
 Metaspace       used 19062K, capacity 19520K, committed 19584K, reserved 1067008K
  class space    used 2281K, capacity 2424K, committed 2432K, reserved 1048576K
}
Event: 3.702 GC heap before
{Heap before GC invocations=5 (full 0):
 PSYoungGen      total 105984K, used 17649K [0x0000000780b00000, 0x0000000787a00000, 0x00000007c0000000)
  eden space 98304K, 10% used [0x0000000780b00000,0x00000007814c4220,0x0000000786b00000)
  from space 7680K, 99% used [0x0000000787280000,0x00000007879f8450,0x0000000787a00000)
  to   space 7680K, 0% used [0x0000000786b00000,0x0000000786b00000,0x0000000787280000)
 ParOldGen       total 130048K, used 7526K [0x0000000702000000, 0x0000000709f00000, 0x0000000780b00000)
  object space 130048K, 5% used [0x0000000702000000,0x0000000702759a38,0x0000000709f00000)
 Metaspace       used 20655K, capacity 21120K, committed 21296K, reserved 1069056K
  class space    used 2455K, capacity 2616K, committed 2688K, reserved 1048576K
Event: 3.720 GC heap after
Heap after GC invocations=5 (full 0):
 PSYoungGen      total 105984K, used 7665K [0x0000000780b00000, 0x000000078e300000, 0x00000007c0000000)
  eden space 98304K, 0% used [0x0000000780b00000,0x0000000780b00000,0x0000000786b00000)
  from space 7680K, 99% used [0x0000000786b00000,0x000000078727c480,0x0000000787280000)
  to   space 12288K, 0% used [0x000000078d700000,0x000000078d700000,0x000000078e300000)
 ParOldGen       total 130048K, used 8568K [0x0000000702000000, 0x0000000709f00000, 0x0000000780b00000)
  object space 130048K, 6% used [0x0000000702000000,0x000000070285e3b8,0x0000000709f00000)
 Metaspace       used 20655K, capacity 21120K, committed 21296K, reserved 1069056K
  class space    used 2455K, capacity 2616K, committed 2688K, reserved 1048576K
}
Event: 3.720 GC heap before
{Heap before GC invocations=6 (full 1):
 PSYoungGen      total 105984K, used 7665K [0x0000000780b00000, 0x000000078e300000, 0x00000007c0000000)
  eden space 98304K, 0% used [0x0000000780b00000,0x0000000780b00000,0x0000000786b00000)
  from space 7680K, 99% used [0x0000000786b00000,0x000000078727c480,0x0000000787280000)
  to   space 12288K, 0% used [0x000000078d700000,0x000000078d700000,0x000000078e300000)
 ParOldGen       total 130048K, used 8568K [0x0000000702000000, 0x0000000709f00000, 0x0000000780b00000)
  object space 130048K, 6% used [0x0000000702000000,0x000000070285e3b8,0x0000000709f00000)
 Metaspace       used 20655K, capacity 21120K, committed 21296K, reserved 1069056K
  class space    used 2455K, capacity 2616K, committed 2688K, reserved 1048576K
Event: 3.788 GC heap after
Heap after GC invocations=6 (full 1):
 PSYoungGen      total 105984K, used 0K [0x0000000780b00000, 0x000000078e300000, 0x00000007c0000000)
  eden space 98304K, 0% used [0x0000000780b00000,0x0000000780b00000,0x0000000786b00000)
  from space 7680K, 0% used [0x0000000786b00000,0x0000000786b00000,0x0000000787280000)
  to   space 12288K, 0% used [0x000000078d700000,0x000000078d700000,0x000000078e300000)
 ParOldGen       total 79360K, used 10962K [0x0000000702000000, 0x0000000706d80000, 0x0000000780b00000)
  object space 79360K, 13% used [0x0000000702000000,0x0000000702ab4ab8,0x0000000706d80000)
 Metaspace       used 20655K, capacity 21120K, committed 21296K, reserved 1069056K
  class space    used 2455K, capacity 2616K, committed 2688K, reserved 1048576K
}
Event: 4.773 GC heap before
{Heap before GC invocations=7 (full 1):
 PSYoungGen      total 105984K, used 98304K [0x0000000780b00000, 0x000000078e300000, 0x00000007c0000000)
  eden space 98304K, 100% used [0x0000000780b00000,0x0000000786b00000,0x0000000786b00000)
  from space 7680K, 0% used [0x0000000786b00000,0x0000000786b00000,0x0000000787280000)
  to   space 12288K, 0% used [0x000000078d700000,0x000000078d700000,0x000000078e300000)
 ParOldGen       total 79360K, used 10962K [0x0000000702000000, 0x0000000706d80000, 0x0000000780b00000)
  object space 79360K, 13% used [0x0000000702000000,0x0000000702ab4ab8,0x0000000706d80000)
 Metaspace       used 23782K, capacity 24318K, committed 24576K, reserved 1071104K
  class space    used 2801K, capacity 2957K, committed 3072K, reserved 1048576K
Event: 4.792 GC heap after
Heap after GC invocations=7 (full 1):
 PSYoungGen      total 176640K, used 12274K [0x0000000780b00000, 0x000000078e300000, 0x00000007c0000000)
  eden space 164352K, 0% used [0x0000000780b00000,0x0000000780b00000,0x000000078ab80000)
  from space 12288K, 99% used [0x000000078d700000,0x000000078e2fc820,0x000000078e300000)
  to   space 15872K, 0% used [0x000000078c400000,0x000000078c400000,0x000000078d380000)
 ParOldGen       total 79360K, used 15426K [0x0000000702000000, 0x0000000706d80000, 0x0000000780b00000)
  object space 79360K, 19% used [0x0000000702000000,0x0000000702f10960,0x0000000706d80000)
 Metaspace       used 23782K, capacity 24318K, committed 24576K, reserved 1071104K
  class space    used 2801K, capacity 2957K, committed 3072K, reserved 1048576K
}
Event: 5.611 GC heap before
{Heap before GC invocations=8 (full 1):
 PSYoungGen      total 176640K, used 176626K [0x0000000780b00000, 0x000000078e300000, 0x00000007c0000000)
  eden space 164352K, 100% used [0x0000000780b00000,0x000000078ab80000,0x000000078ab80000)
  from space 12288K, 99% used [0x000000078d700000,0x000000078e2fc820,0x000000078e300000)
  to   space 15872K, 0% used [0x000000078c400000,0x000000078c400000,0x000000078d380000)
 ParOldGen       total 79360K, used 15426K [0x0000000702000000, 0x0000000706d80000, 0x0000000780b00000)
  object space 79360K, 19% used [0x0000000702000000,0x0000000702f10960,0x0000000706d80000)
 Metaspace       used 25706K, capacity 26316K, committed 26624K, reserved 1073152K
  class space    used 3018K, capacity 3220K, committed 3328K, reserved 1048576K
Event: 5.640 GC heap after
Heap after GC invocations=8 (full 1):
 PSYoungGen      total 205312K, used 15867K [0x0000000780b00000, 0x0000000794380000, 0x00000007c0000000)
  eden space 189440K, 0% used [0x0000000780b00000,0x0000000780b00000,0x000000078c400000)
  from space 15872K, 99% used [0x000000078c400000,0x000000078d37ef38,0x000000078d380000)
  to   space 23040K, 0% used [0x0000000792d00000,0x0000000792d00000,0x0000000794380000)
 ParOldGen       total 79360K, used 25953K [0x0000000702000000, 0x0000000706d80000, 0x0000000780b00000)
  object space 79360K, 32% used [0x0000000702000000,0x0000000703958468,0x0000000706d80000)
 Metaspace       used 25706K, capacity 26316K, committed 26624K, reserved 1073152K
  class space    used 3018K, capacity 3220K, committed 3328K, reserved 1048576K
}

