# JRE version: Java(TM) SE Runtime Environment (8.0_144-b01) (build 1.8.0_144-b01)
# Java VM: Java HotSpot(TM) 64-Bit Server VM (25.144-b01 mixed mode windows-amd64 compressed oops)
Heap:
 PSYoungGen      total 207872K, used 143097K [0x0000000780b00000, 0x0000000792900000, 0x00000007c0000000)
  eden space 191488K, 66% used [0x0000000780b00000,0x00000007886c0f60,0x000000078c600000)
  from space 16384K, 99% used [0x000000078c600000,0x000000078d5fd818,0x000000078d600000)
  to   space 24064K, 0% used [0x0000000791180000,0x0000000791180000,0x0000000792900000)
 ParOldGen       total 92672K, used 28199K [0x0000000702000000, 0x0000000707a80000, 0x0000000780b00000)
  object space 92672K, 30% used [0x0000000702000000,0x0000000703b89e30,0x0000000707a80000)
 Metaspace       used 24132K, capacity 24684K, committed 24832K, reserved 1071104K
  class space    used 2808K, capacity 2965K, committed 3072K, reserved 1048576K
GC Heap History (10 events):
Event: 4.108 GC heap before
{Heap before GC invocations=4 (full 0):
 PSYoungGen      total 56832K, used 56801K [0x0000000780b00000, 0x0000000787a00000, 0x00000007c0000000)
  eden space 49152K, 100% used [0x0000000780b00000,0x0000000783b00000,0x0000000783b00000)
  from space 7680K, 99% used [0x0000000783b00000,0x0000000784278470,0x0000000784280000)
  to   space 7680K, 0% used [0x0000000787280000,0x0000000787280000,0x0000000787a00000)
 ParOldGen       total 130048K, used 3942K [0x0000000702000000, 0x0000000709f00000, 0x0000000780b00000)
  object space 130048K, 3% used [0x0000000702000000,0x00000007023d9968,0x0000000709f00000)
 Metaspace       used 17708K, capacity 18144K, committed 18432K, reserved 1064960K
  class space    used 2069K, capacity 2190K, committed 2304K, reserved 1048576K
Event: 4.129 GC heap after
Heap after GC invocations=4 (full 0):
 PSYoungGen      total 105984K, used 7665K [0x0000000780b00000, 0x0000000787a00000, 0x00000007c0000000)
  eden space 98304K, 0% used [0x0000000780b00000,0x0000000780b00000,0x0000000786b00000)
  from space 7680K, 99% used [0x0000000787280000,0x00000007879fc440,0x0000000787a00000)
  to   space 7680K, 0% used [0x0000000786b00000,0x0000000786b00000,0x0000000787280000)
 ParOldGen       total 130048K, used 7404K [0x0000000702000000, 0x0000000709f00000, 0x0000000780b00000)
  object space 130048K, 5% used [0x0000000702000000,0x000000070273b3a0,0x0000000709f00000)
 Metaspace       used 17708K, capacity 18144K, committed 18432K, reserved 1064960K
  class space    used 2069K, capacity 2190K, committed 2304K, reserved 1048576K
}
Event: 4.820 GC heap before
{Heap before GC invocations=5 (full 0):
 PSYoungGen      total 105984K, used 56735K [0x0000000780b00000, 0x0000000787a00000, 0x00000007c0000000)
  eden space 98304K, 49% used [0x0000000780b00000,0x0000000783aebb98,0x0000000786b00000)
  from space 7680K, 99% used [0x0000000787280000,0x00000007879fc440,0x0000000787a00000)
  to   space 7680K, 0% used [0x0000000786b00000,0x0000000786b00000,0x0000000787280000)
 ParOldGen       total 130048K, used 7404K [0x0000000702000000, 0x0000000709f00000, 0x0000000780b00000)
  object space 130048K, 5% used [0x0000000702000000,0x000000070273b3a0,0x0000000709f00000)
 Metaspace       used 20671K, capacity 21156K, committed 21248K, reserved 1069056K
  class space    used 2421K, capacity 2558K, committed 2560K, reserved 1048576K
Event: 4.838 GC heap after
Heap after GC invocations=5 (full 0):
 PSYoungGen      total 105984K, used 7649K [0x0000000780b00000, 0x000000078e600000, 0x00000007c0000000)
  eden space 98304K, 0% used [0x0000000780b00000,0x0000000780b00000,0x0000000786b00000)
  from space 7680K, 99% used [0x0000000786b00000,0x0000000787278450,0x0000000787280000)
  to   space 13824K, 0% used [0x000000078d880000,0x000000078d880000,0x000000078e600000)
 ParOldGen       total 130048K, used 11895K [0x0000000702000000, 0x0000000709f00000, 0x0000000780b00000)
  object space 130048K, 9% used [0x0000000702000000,0x0000000702b9dfd8,0x0000000709f00000)
 Metaspace       used 20671K, capacity 21156K, committed 21248K, reserved 1069056K
  class space    used 2421K, capacity 2558K, committed 2560K, reserved 1048576K
}
Event: 4.838 GC heap before
{Heap before GC invocations=6 (full 1):
 PSYoungGen      total 105984K, used 7649K [0x0000000780b00000, 0x000000078e600000, 0x00000007c0000000)
  eden space 98304K, 0% used [0x0000000780b00000,0x0000000780b00000,0x0000000786b00000)
  from space 7680K, 99% used [0x0000000786b00000,0x0000000787278450,0x0000000787280000)
  to   space 13824K, 0% used [0x000000078d880000,0x000000078d880000,0x000000078e600000)
 ParOldGen       total 130048K, used 11895K [0x0000000702000000, 0x0000000709f00000, 0x0000000780b00000)
  object space 130048K, 9% used [0x0000000702000000,0x0000000702b9dfd8,0x0000000709f00000)
 Metaspace       used 20671K, capacity 21156K, committed 21248K, reserved 1069056K
  class space    used 2421K, capacity 2558K, committed 2560K, reserved 1048576K
Event: 4.917 GC heap after
Heap after GC invocations=6 (full 1):
 PSYoungGen      total 105984K, used 0K [0x0000000780b00000, 0x000000078e600000, 0x00000007c0000000)
  eden space 98304K, 0% used [0x0000000780b00000,0x0000000780b00000,0x0000000786b00000)
  from space 7680K, 0% used [0x0000000786b00000,0x0000000786b00000,0x0000000787280000)
  to   space 13824K, 0% used [0x000000078d880000,0x000000078d880000,0x000000078e600000)
 ParOldGen       total 92672K, used 15297K [0x0000000702000000, 0x0000000707a80000, 0x0000000780b00000)
  object space 92672K, 16% used [0x0000000702000000,0x0000000702ef0770,0x0000000707a80000)
 Metaspace       used 20671K, capacity 21156K, committed 21248K, reserved 1069056K
  class space    used 2421K, capacity 2558K, committed 2560K, reserved 1048576K
}
Event: 5.908 GC heap before
{Heap before GC invocations=7 (full 1):
 PSYoungGen      total 105984K, used 98304K [0x0000000780b00000, 0x000000078e600000, 0x00000007c0000000)
  eden space 98304K, 100% used [0x0000000780b00000,0x0000000786b00000,0x0000000786b00000)
  from space 7680K, 0% used [0x0000000786b00000,0x0000000786b00000,0x0000000787280000)
  to   space 13824K, 0% used [0x000000078d880000,0x000000078d880000,0x000000078e600000)
 ParOldGen       total 92672K, used 15297K [0x0000000702000000, 0x0000000707a80000, 0x0000000780b00000)
  object space 92672K, 16% used [0x0000000702000000,0x0000000702ef0770,0x0000000707a80000)
 Metaspace       used 24111K, capacity 24680K, committed 24832K, reserved 1071104K
  class space    used 2807K, capacity 2965K, committed 3072K, reserved 1048576K
Event: 5.932 GC heap after
Heap after GC invocations=7 (full 1):
 PSYoungGen      total 166912K, used 13792K [0x0000000780b00000, 0x000000078e600000, 0x00000007c0000000)
  eden space 153088K, 0% used [0x0000000780b00000,0x0000000780b00000,0x000000078a080000)
  from space 13824K, 99% used [0x000000078d880000,0x000000078e5f8200,0x000000078e600000)
  to   space 16384K, 0% used [0x000000078c600000,0x000000078c600000,0x000000078d600000)
 ParOldGen       total 92672K, used 17658K [0x0000000702000000, 0x0000000707a80000, 0x0000000780b00000)
  object space 92672K, 19% used [0x0000000702000000,0x000000070313e998,0x0000000707a80000)
 Metaspace       used 24111K, capacity 24680K, committed 24832K, reserved 1071104K
  class space    used 2807K, capacity 2965K, committed 3072K, reserved 1048576K
}
Event: 6.902 GC heap before
{Heap before GC invocations=8 (full 1):
 PSYoungGen      total 166912K, used 166880K [0x0000000780b00000, 0x000000078e600000, 0x00000007c0000000)
  eden space 153088K, 100% used [0x0000000780b00000,0x000000078a080000,0x000000078a080000)
  from space 13824K, 99% used [0x000000078d880000,0x000000078e5f8200,0x000000078e600000)
  to   space 16384K, 0% used [0x000000078c600000,0x000000078c600000,0x000000078d600000)
 ParOldGen       total 92672K, used 17658K [0x0000000702000000, 0x0000000707a80000, 0x0000000780b00000)
  object space 92672K, 19% used [0x0000000702000000,0x000000070313e998,0x0000000707a80000)
 Metaspace       used 24132K, capacity 24684K, committed 24832K, reserved 1071104K
  class space    used 2808K, capacity 2965K, committed 3072K, reserved 1048576K
Event: 6.938 GC heap after
Heap after GC invocations=8 (full 1):
 PSYoungGen      total 207872K, used 16374K [0x0000000780b00000, 0x0000000792900000, 0x00000007c0000000)
  eden space 191488K, 0% used [0x0000000780b00000,0x0000000780b00000,0x000000078c600000)
  from space 16384K, 99% used [0x000000078c600000,0x000000078d5fd818,0x000000078d600000)
  to   space 24064K, 0% used [0x0000000791180000,0x0000000791180000,0x0000000792900000)
 ParOldGen       total 92672K, used 28199K [0x0000000702000000, 0x0000000707a80000, 0x0000000780b00000)
  object space 92672K, 30% used [0x0000000702000000,0x0000000703b89e30,0x0000000707a80000)
 Metaspace       used 24132K, capacity 24684K, committed 24832K, reserved 1071104K
  class space    used 2808K, capacity 2965K, committed 3072K, reserved 1048576K
}

