# JRE version: Java(TM) SE Runtime Environment (8.0_144-b01) (build 1.8.0_144-b01)
# Java VM: Java HotSpot(TM) 64-Bit Server VM (25.144-b01 mixed mode windows-amd64 compressed oops)
Heap:
 PSYoungGen      total 105984K, used 10777K [0x0000000780b00000, 0x0000000787a00000, 0x00000007c0000000)
  eden space 98304K, 3% used [0x0000000780b00000,0x0000000780e0ad80,0x0000000786b00000)
  from space 7680K, 99% used [0x0000000786b00000,0x000000078727b7b0,0x0000000787280000)
  to   space 7680K, 0% used [0x0000000787280000,0x0000000787280000,0x0000000787a00000)
 ParOldGen       total 98816K, used 35357K [0x0000000702000000, 0x0000000708080000, 0x0000000780b00000)
  object space 98816K, 35% used [0x0000000702000000,0x00000007042875b0,0x0000000708080000)
 Metaspace       used 24119K, capacity 24758K, committed 25088K, reserved 1071104K
  class space    used 2811K, capacity 2967K, committed 3072K, reserved 1048576K
GC Heap History (10 events):
Event: 2.726 GC heap before
{Heap before GC invocations=3 (full 0):
 PSYoungGen      total 56832K, used 56818K [0x0000000780b00000, 0x0000000787a00000, 0x00000007c0000000)
  eden space 49152K, 100% used [0x0000000780b00000,0x0000000783b00000,0x0000000783b00000)
  from space 7680K, 99% used [0x0000000784280000,0x00000007849fc900,0x0000000784a00000)
  to   space 7680K, 0% used [0x0000000783b00000,0x0000000783b00000,0x0000000784280000)
 ParOldGen       total 130048K, used 2117K [0x0000000702000000, 0x0000000709f00000, 0x0000000780b00000)
  object space 130048K, 1% used [0x0000000702000000,0x0000000702211760,0x0000000709f00000)
 Metaspace       used 16302K, capacity 16626K, committed 16896K, reserved 1064960K
  class space    used 1951K, capacity 2045K, committed 2048K, reserved 1048576K
Event: 2.745 GC heap after
Heap after GC invocations=3 (full 0):
 PSYoungGen      total 56832K, used 7649K [0x0000000780b00000, 0x0000000787a00000, 0x00000007c0000000)
  eden space 49152K, 0% used [0x0000000780b00000,0x0000000780b00000,0x0000000783b00000)
  from space 7680K, 99% used [0x0000000783b00000,0x0000000784278470,0x0000000784280000)
  to   space 7680K, 0% used [0x0000000787280000,0x0000000787280000,0x0000000787a00000)
 ParOldGen       total 130048K, used 3645K [0x0000000702000000, 0x0000000709f00000, 0x0000000780b00000)
  object space 130048K, 2% used [0x0000000702000000,0x000000070238f738,0x0000000709f00000)
 Metaspace       used 16302K, capacity 16626K, committed 16896K, reserved 1064960K
  class space    used 1951K, capacity 2045K, committed 2048K, reserved 1048576K
}
Event: 3.536 GC heap before
{Heap before GC invocations=4 (full 0):
 PSYoungGen      total 56832K, used 56801K [0x0000000780b00000, 0x0000000787a00000, 0x00000007c0000000)
  eden space 49152K, 100% used [0x0000000780b00000,0x0000000783b00000,0x0000000783b00000)
  from space 7680K, 99% used [0x0000000783b00000,0x0000000784278470,0x0000000784280000)
  to   space 7680K, 0% used [0x0000000787280000,0x0000000787280000,0x0000000787a00000)
 ParOldGen       total 130048K, used 3645K [0x0000000702000000, 0x0000000709f00000, 0x0000000780b00000)
  object space 130048K, 2% used [0x0000000702000000,0x000000070238f738,0x0000000709f00000)
 Metaspace       used 17664K, capacity 18138K, committed 18432K, reserved 1064960K
  class space    used 2068K, capacity 2189K, committed 2304K, reserved 1048576K
Event: 3.555 GC heap after
Heap after GC invocations=4 (full 0):
 PSYoungGen      total 105984K, used 7649K [0x0000000780b00000, 0x0000000787a00000, 0x00000007c0000000)
  eden space 98304K, 0% used [0x0000000780b00000,0x0000000780b00000,0x0000000786b00000)
  from space 7680K, 99% used [0x0000000787280000,0x00000007879f8470,0x0000000787a00000)
  to   space 7680K, 0% used [0x0000000786b00000,0x0000000786b00000,0x0000000787280000)
 ParOldGen       total 130048K, used 6868K [0x0000000702000000, 0x0000000709f00000, 0x0000000780b00000)
  object space 130048K, 5% used [0x0000000702000000,0x00000007026b5100,0x0000000709f00000)
 Metaspace       used 17664K, capacity 18138K, committed 18432K, reserved 1064960K
  class space    used 2068K, capacity 2189K, committed 2304K, reserved 1048576K
}
Event: 4.468 GC heap before
{Heap before GC invocations=5 (full 0):
 PSYoungGen      total 105984K, used 52706K [0x0000000780b00000, 0x0000000787a00000, 0x00000007c0000000)
  eden space 98304K, 45% used [0x0000000780b00000,0x00000007837005f8,0x0000000786b00000)
  from space 7680K, 99% used [0x0000000787280000,0x00000007879f8470,0x0000000787a00000)
  to   space 7680K, 0% used [0x0000000786b00000,0x0000000786b00000,0x0000000787280000)
 ParOldGen       total 130048K, used 6868K [0x0000000702000000, 0x0000000709f00000, 0x0000000780b00000)
  object space 130048K, 5% used [0x0000000702000000,0x00000007026b5100,0x0000000709f00000)
 Metaspace       used 20664K, capacity 21156K, committed 21248K, reserved 1069056K
  class space    used 2425K, capacity 2558K, committed 2560K, reserved 1048576K
Event: 4.496 GC heap after
Heap after GC invocations=5 (full 0):
 PSYoungGen      total 105984K, used 7672K [0x0000000780b00000, 0x0000000787a00000, 0x00000007c0000000)
  eden space 98304K, 0% used [0x0000000780b00000,0x0000000780b00000,0x0000000786b00000)
  from space 7680K, 99% used [0x0000000786b00000,0x000000078727e010,0x0000000787280000)
  to   space 7680K, 0% used [0x0000000787280000,0x0000000787280000,0x0000000787a00000)
 ParOldGen       total 130048K, used 11260K [0x0000000702000000, 0x0000000709f00000, 0x0000000780b00000)
  object space 130048K, 8% used [0x0000000702000000,0x0000000702aff3e0,0x0000000709f00000)
 Metaspace       used 20664K, capacity 21156K, committed 21248K, reserved 1069056K
  class space    used 2425K, capacity 2558K, committed 2560K, reserved 1048576K
}
Event: 4.496 GC heap before
{Heap before GC invocations=6 (full 1):
 PSYoungGen      total 105984K, used 7672K [0x0000000780b00000, 0x0000000787a00000, 0x00000007c0000000)
  eden space 98304K, 0% used [0x0000000780b00000,0x0000000780b00000,0x0000000786b00000)
  from space 7680K, 99% used [0x0000000786b00000,0x000000078727e010,0x0000000787280000)
  to   space 7680K, 0% used [0x0000000787280000,0x0000000787280000,0x0000000787a00000)
 ParOldGen       total 130048K, used 11260K [0x0000000702000000, 0x0000000709f00000, 0x0000000780b00000)
  object space 130048K, 8% used [0x0000000702000000,0x0000000702aff3e0,0x0000000709f00000)
 Metaspace       used 20664K, capacity 21156K, committed 21248K, reserved 1069056K
  class space    used 2425K, capacity 2558K, committed 2560K, reserved 1048576K
Event: 4.632 GC heap after
Heap after GC invocations=6 (full 1):
 PSYoungGen      total 105984K, used 0K [0x0000000780b00000, 0x0000000787a00000, 0x00000007c0000000)
  eden space 98304K, 0% used [0x0000000780b00000,0x0000000780b00000,0x0000000786b00000)
  from space 7680K, 0% used [0x0000000786b00000,0x0000000786b00000,0x0000000787280000)
  to   space 7680K, 0% used [0x0000000787280000,0x0000000787280000,0x0000000787a00000)
 ParOldGen       total 98816K, used 14971K [0x0000000702000000, 0x0000000708080000, 0x0000000780b00000)
  object space 98816K, 15% used [0x0000000702000000,0x0000000702e9ed00,0x0000000708080000)
 Metaspace       used 20664K, capacity 21156K, committed 21248K, reserved 1069056K
  class space    used 2425K, capacity 2558K, committed 2560K, reserved 1048576K
}
Event: 5.924 GC heap before
{Heap before GC invocations=7 (full 1):
 PSYoungGen      total 105984K, used 98304K [0x0000000780b00000, 0x0000000787a00000, 0x00000007c0000000)
  eden space 98304K, 100% used [0x0000000780b00000,0x0000000786b00000,0x0000000786b00000)
  from space 7680K, 0% used [0x0000000786b00000,0x0000000786b00000,0x0000000787280000)
  to   space 7680K, 0% used [0x0000000787280000,0x0000000787280000,0x0000000787a00000)
 ParOldGen       total 98816K, used 14971K [0x0000000702000000, 0x0000000708080000, 0x0000000780b00000)
  object space 98816K, 15% used [0x0000000702000000,0x0000000702e9ed00,0x0000000708080000)
 Metaspace       used 24084K, capacity 24680K, committed 24832K, reserved 1071104K
  class space    used 2807K, capacity 2965K, committed 3072K, reserved 1048576K
Event: 5.953 GC heap after
Heap after GC invocations=7 (full 1):
 PSYoungGen      total 105984K, used 7662K [0x0000000780b00000, 0x0000000787a00000, 0x00000007c0000000)
  eden space 98304K, 0% used [0x0000000780b00000,0x0000000780b00000,0x0000000786b00000)
  from space 7680K, 99% used [0x0000000787280000,0x00000007879fb980,0x0000000787a00000)
  to   space 7680K, 0% used [0x0000000786b00000,0x0000000786b00000,0x0000000787280000)
 ParOldGen       total 98816K, used 22984K [0x0000000702000000, 0x0000000708080000, 0x0000000780b00000)
  object space 98816K, 23% used [0x0000000702000000,0x0000000703672358,0x0000000708080000)
 Metaspace       used 24084K, capacity 24680K, committed 24832K, reserved 1071104K
  class space    used 2807K, capacity 2965K, committed 3072K, reserved 1048576K
}

