# JRE version: Java(TM) SE Runtime Environment (8.0_144-b01) (build 1.8.0_144-b01)
# Java VM: Java HotSpot(TM) 64-Bit Server VM (25.144-b01 mixed mode windows-amd64 compressed oops)
Heap:
 PSYoungGen      total 207360K, used 16868K [0x0000000780b00000, 0x0000000791080000, 0x00000007c0000000)
  eden space 190464K, 0% used [0x0000000780b00000,0x0000000780b00000,0x000000078c500000)
  from space 16896K, 99% used [0x000000078c500000,0x000000078d579398,0x000000078d580000)
  to   space 23552K, 0% used [0x000000078f980000,0x000000078f980000,0x0000000791080000)
 ParOldGen       total 97280K, used 44924K [0x0000000702000000, 0x0000000707f00000, 0x0000000780b00000)
  object space 97280K, 46% used [0x0000000702000000,0x0000000704bdf3b8,0x0000000707f00000)
 Metaspace       used 24098K, capacity 24658K, committed 24752K, reserved 1071104K
  class space    used 2808K, capacity 2935K, committed 2992K, reserved 1048576K
GC Heap History (10 events):
Event: 4.274 GC heap after
Heap after GC invocations=6 (full 1):
 PSYoungGen      total 105984K, used 0K [0x0000000780b00000, 0x000000078e600000, 0x00000007c0000000)
  eden space 98304K, 0% used [0x0000000780b00000,0x0000000780b00000,0x0000000786b00000)
  from space 7680K, 0% used [0x0000000786b00000,0x0000000786b00000,0x0000000787280000)
  to   space 13824K, 0% used [0x000000078d880000,0x000000078d880000,0x000000078e600000)
 ParOldGen       total 97280K, used 15251K [0x0000000702000000, 0x0000000707f00000, 0x0000000780b00000)
  object space 97280K, 15% used [0x0000000702000000,0x0000000702ee4ff0,0x0000000707f00000)
 Metaspace       used 20747K, capacity 21184K, committed 21296K, reserved 1069056K
  class space    used 2431K, capacity 2590K, committed 2608K, reserved 1048576K
}
Event: 5.171 GC heap before
{Heap before GC invocations=7 (full 1):
 PSYoungGen      total 105984K, used 98304K [0x0000000780b00000, 0x000000078e600000, 0x00000007c0000000)
  eden space 98304K, 100% used [0x0000000780b00000,0x0000000786b00000,0x0000000786b00000)
  from space 7680K, 0% used [0x0000000786b00000,0x0000000786b00000,0x0000000787280000)
  to   space 13824K, 0% used [0x000000078d880000,0x000000078d880000,0x000000078e600000)
 ParOldGen       total 97280K, used 15251K [0x0000000702000000, 0x0000000707f00000, 0x0000000780b00000)
  object space 97280K, 15% used [0x0000000702000000,0x0000000702ee4ff0,0x0000000707f00000)
 Metaspace       used 24045K, capacity 24516K, committed 24752K, reserved 1071104K
  class space    used 2803K, capacity 2933K, committed 2992K, reserved 1048576K
Event: 5.193 GC heap after
Heap after GC invocations=7 (full 1):
 PSYoungGen      total 158208K, used 13807K [0x0000000780b00000, 0x000000078e600000, 0x00000007c0000000)
  eden space 144384K, 0% used [0x0000000780b00000,0x0000000780b00000,0x0000000789800000)
  from space 13824K, 99% used [0x000000078d880000,0x000000078e5fbec8,0x000000078e600000)
  to   space 16896K, 0% used [0x000000078c500000,0x000000078c500000,0x000000078d580000)
 ParOldGen       total 97280K, used 17797K [0x0000000702000000, 0x0000000707f00000, 0x0000000780b00000)
  object space 97280K, 18% used [0x0000000702000000,0x00000007031615a0,0x0000000707f00000)
 Metaspace       used 24045K, capacity 24516K, committed 24752K, reserved 1071104K
  class space    used 2803K, capacity 2933K, committed 2992K, reserved 1048576K
}
Event: 5.773 GC heap before
{Heap before GC invocations=8 (full 1):
 PSYoungGen      total 158208K, used 158191K [0x0000000780b00000, 0x000000078e600000, 0x00000007c0000000)
  eden space 144384K, 100% used [0x0000000780b00000,0x0000000789800000,0x0000000789800000)
  from space 13824K, 99% used [0x000000078d880000,0x000000078e5fbec8,0x000000078e600000)
  to   space 16896K, 0% used [0x000000078c500000,0x000000078c500000,0x000000078d580000)
 ParOldGen       total 97280K, used 17797K [0x0000000702000000, 0x0000000707f00000, 0x0000000780b00000)
  object space 97280K, 18% used [0x0000000702000000,0x00000007031615a0,0x0000000707f00000)
 Metaspace       used 24068K, capacity 24524K, committed 24752K, reserved 1071104K
  class space    used 2804K, capacity 2933K, committed 2992K, reserved 1048576K
Event: 5.799 GC heap after
Heap after GC invocations=8 (full 1):
 PSYoungGen      total 207360K, used 16885K [0x0000000780b00000, 0x0000000791080000, 0x00000007c0000000)
  eden space 190464K, 0% used [0x0000000780b00000,0x0000000780b00000,0x000000078c500000)
  from space 16896K, 99% used [0x000000078c500000,0x000000078d57d628,0x000000078d580000)
  to   space 23552K, 0% used [0x000000078f980000,0x000000078f980000,0x0000000791080000)
 ParOldGen       total 97280K, used 26690K [0x0000000702000000, 0x0000000707f00000, 0x0000000780b00000)
  object space 97280K, 27% used [0x0000000702000000,0x0000000703a10b10,0x0000000707f00000)
 Metaspace       used 24068K, capacity 24524K, committed 24752K, reserved 1071104K
  class space    used 2804K, capacity 2933K, committed 2992K, reserved 1048576K
}
Event: 6.406 GC heap before
{Heap before GC invocations=9 (full 1):
 PSYoungGen      total 207360K, used 207349K [0x0000000780b00000, 0x0000000791080000, 0x00000007c0000000)
  eden space 190464K, 100% used [0x0000000780b00000,0x000000078c500000,0x000000078c500000)
  from space 16896K, 99% used [0x000000078c500000,0x000000078d57d628,0x000000078d580000)
  to   space 23552K, 0% used [0x000000078f980000,0x000000078f980000,0x0000000791080000)
 ParOldGen       total 97280K, used 26690K [0x0000000702000000, 0x0000000707f00000, 0x0000000780b00000)
  object space 97280K, 27% used [0x0000000702000000,0x0000000703a10b10,0x0000000707f00000)
 Metaspace       used 24077K, capacity 24526K, committed 24752K, reserved 1071104K
  class space    used 2805K, capacity 2935K, committed 2992K, reserved 1048576K
Event: 6.452 GC heap after
Heap after GC invocations=9 (full 1):
 PSYoungGen      total 214016K, used 23538K [0x0000000780b00000, 0x0000000791080000, 0x00000007c0000000)
  eden space 190464K, 0% used [0x0000000780b00000,0x0000000780b00000,0x000000078c500000)
  from space 23552K, 99% used [0x000000078f980000,0x000000079107cac8,0x0000000791080000)
  to   space 16896K, 0% used [0x000000078c500000,0x000000078c500000,0x000000078d580000)
 ParOldGen       total 97280K, used 39803K [0x0000000702000000, 0x0000000707f00000, 0x0000000780b00000)
  object space 97280K, 40% used [0x0000000702000000,0x00000007046defc0,0x0000000707f00000)
 Metaspace       used 24077K, capacity 24526K, committed 24752K, reserved 1071104K
  class space    used 2805K, capacity 2935K, committed 2992K, reserved 1048576K
}
Event: 6.643 GC heap before
{Heap before GC invocations=10 (full 1):
 PSYoungGen      total 214016K, used 86188K [0x0000000780b00000, 0x0000000791080000, 0x00000007c0000000)
  eden space 190464K, 32% used [0x0000000780b00000,0x000000078482e720,0x000000078c500000)
  from space 23552K, 99% used [0x000000078f980000,0x000000079107cac8,0x0000000791080000)
  to   space 16896K, 0% used [0x000000078c500000,0x000000078c500000,0x000000078d580000)
 ParOldGen       total 97280K, used 39803K [0x0000000702000000, 0x0000000707f00000, 0x0000000780b00000)
  object space 97280K, 40% used [0x0000000702000000,0x00000007046defc0,0x0000000707f00000)
 Metaspace       used 24098K, capacity 24658K, committed 24752K, reserved 1071104K
  class space    used 2808K, capacity 2935K, committed 2992K, reserved 1048576K
Event: 6.668 GC heap after
Heap after GC invocations=10 (full 1):
 PSYoungGen      total 207360K, used 16868K [0x0000000780b00000, 0x0000000791080000, 0x00000007c0000000)
  eden space 190464K, 0% used [0x0000000780b00000,0x0000000780b00000,0x000000078c500000)
  from space 16896K, 99% used [0x000000078c500000,0x000000078d579398,0x000000078d580000)
  to   space 23552K, 0% used [0x000000078f980000,0x000000078f980000,0x0000000791080000)
 ParOldGen       total 97280K, used 44924K [0x0000000702000000, 0x0000000707f00000, 0x0000000780b00000)
  object space 97280K, 46% used [0x0000000702000000,0x0000000704bdf3b8,0x0000000707f00000)
 Metaspace       used 24098K, capacity 24658K, committed 24752K, reserved 1071104K
  class space    used 2808K, capacity 2935K, committed 2992K, reserved 1048576K
}
Event: 6.668 GC heap before
{Heap before GC invocations=11 (full 2):
 PSYoungGen      total 207360K, used 16868K [0x0000000780b00000, 0x0000000791080000, 0x00000007c0000000)
  eden space 190464K, 0% used [0x0000000780b00000,0x0000000780b00000,0x000000078c500000)
  from space 16896K, 99% used [0x000000078c500000,0x000000078d579398,0x000000078d580000)
  to   space 23552K, 0% used [0x000000078f980000,0x000000078f980000,0x0000000791080000)
 ParOldGen       total 97280K, used 44924K [0x0000000702000000, 0x0000000707f00000, 0x0000000780b00000)
  object space 97280K, 46% used [0x0000000702000000,0x0000000704bdf3b8,0x0000000707f00000)
 Metaspace       used 24098K, capacity 24658K, committed 24752K, reserved 1071104K
  class space    used 2808K, capacity 2935K, committed 2992K, reserved 1048576K

