# JRE version: Java(TM) SE Runtime Environment (8.0_144-b01) (build 1.8.0_144-b01)
# Java VM: Java HotSpot(TM) 64-Bit Server VM (25.144-b01 mixed mode windows-amd64 compressed oops)
Heap:
 PSYoungGen      total 260608K, used 156621K [0x0000000780b00000, 0x0000000797a00000, 0x00000007c0000000)
  eden space 227840K, 54% used [0x0000000780b00000,0x00000007883f9e10,0x000000078e980000)
  from space 32768K, 99% used [0x000000078e980000,0x0000000790979678,0x0000000790980000)
  to   space 24064K, 0% used [0x0000000790980000,0x0000000790980000,0x0000000792100000)
 ParOldGen       total 95232K, used 53476K [0x0000000702000000, 0x0000000707d00000, 0x0000000780b00000)
  object space 95232K, 56% used [0x0000000702000000,0x0000000705439388,0x0000000707d00000)
 Metaspace       used 24548K, capacity 25050K, committed 25392K, reserved 1071104K
  class space    used 2871K, capacity 3003K, committed 3120K, reserved 1048576K
GC Heap History (10 events):
Event: 3.929 GC heap before
{Heap before GC invocations=6 (full 1):
 PSYoungGen      total 105984K, used 7649K [0x0000000780b00000, 0x000000078e500000, 0x00000007c0000000)
  eden space 98304K, 0% used [0x0000000780b00000,0x0000000780b00000,0x0000000786b00000)
  from space 7680K, 99% used [0x0000000786b00000,0x0000000787278450,0x0000000787280000)
  to   space 13312K, 0% used [0x000000078d800000,0x000000078d800000,0x000000078e500000)
 ParOldGen       total 130048K, used 11663K [0x0000000702000000, 0x0000000709f00000, 0x0000000780b00000)
  object space 130048K, 8% used [0x0000000702000000,0x0000000702b63c10,0x0000000709f00000)
 Metaspace       used 20731K, capacity 21188K, committed 21296K, reserved 1069056K
  class space    used 2432K, capacity 2590K, committed 2608K, reserved 1048576K
Event: 4.008 GC heap after
Heap after GC invocations=6 (full 1):
 PSYoungGen      total 105984K, used 0K [0x0000000780b00000, 0x000000078e500000, 0x00000007c0000000)
  eden space 98304K, 0% used [0x0000000780b00000,0x0000000780b00000,0x0000000786b00000)
  from space 7680K, 0% used [0x0000000786b00000,0x0000000786b00000,0x0000000787280000)
  to   space 13312K, 0% used [0x000000078d800000,0x000000078d800000,0x000000078e500000)
 ParOldGen       total 95232K, used 15249K [0x0000000702000000, 0x0000000707d00000, 0x0000000780b00000)
  object space 95232K, 16% used [0x0000000702000000,0x0000000702ee45f0,0x0000000707d00000)
 Metaspace       used 20731K, capacity 21188K, committed 21296K, reserved 1069056K
  class space    used 2432K, capacity 2590K, committed 2608K, reserved 1048576K
}
Event: 4.847 GC heap before
{Heap before GC invocations=7 (full 1):
 PSYoungGen      total 105984K, used 98304K [0x0000000780b00000, 0x000000078e500000, 0x00000007c0000000)
  eden space 98304K, 100% used [0x0000000780b00000,0x0000000786b00000,0x0000000786b00000)
  from space 7680K, 0% used [0x0000000786b00000,0x0000000786b00000,0x0000000787280000)
  to   space 13312K, 0% used [0x000000078d800000,0x000000078d800000,0x000000078e500000)
 ParOldGen       total 95232K, used 15249K [0x0000000702000000, 0x0000000707d00000, 0x0000000780b00000)
  object space 95232K, 16% used [0x0000000702000000,0x0000000702ee45f0,0x0000000707d00000)
 Metaspace       used 24023K, capacity 24552K, committed 24752K, reserved 1071104K
  class space    used 2806K, capacity 2965K, committed 2992K, reserved 1048576K
Event: 4.871 GC heap after
Heap after GC invocations=7 (full 1):
 PSYoungGen      total 162304K, used 13308K [0x0000000780b00000, 0x000000078e500000, 0x00000007c0000000)
  eden space 148992K, 0% used [0x0000000780b00000,0x0000000780b00000,0x0000000789c80000)
  from space 13312K, 99% used [0x000000078d800000,0x000000078e4ff058,0x000000078e500000)
  to   space 16384K, 0% used [0x000000078c500000,0x000000078c500000,0x000000078d500000)
 ParOldGen       total 95232K, used 17892K [0x0000000702000000, 0x0000000707d00000, 0x0000000780b00000)
  object space 95232K, 18% used [0x0000000702000000,0x0000000703179058,0x0000000707d00000)
 Metaspace       used 24023K, capacity 24552K, committed 24752K, reserved 1071104K
  class space    used 2806K, capacity 2965K, committed 2992K, reserved 1048576K
}
Event: 5.517 GC heap before
{Heap before GC invocations=8 (full 1):
 PSYoungGen      total 162304K, used 162300K [0x0000000780b00000, 0x000000078e500000, 0x00000007c0000000)
  eden space 148992K, 100% used [0x0000000780b00000,0x0000000789c80000,0x0000000789c80000)
  from space 13312K, 99% used [0x000000078d800000,0x000000078e4ff058,0x000000078e500000)
  to   space 16384K, 0% used [0x000000078c500000,0x000000078c500000,0x000000078d500000)
 ParOldGen       total 95232K, used 17892K [0x0000000702000000, 0x0000000707d00000, 0x0000000780b00000)
  object space 95232K, 18% used [0x0000000702000000,0x0000000703179058,0x0000000707d00000)
 Metaspace       used 24048K, capacity 24552K, committed 24752K, reserved 1071104K
  class space    used 2808K, capacity 2965K, committed 2992K, reserved 1048576K
Event: 5.550 GC heap after
Heap after GC invocations=8 (full 1):
 PSYoungGen      total 206848K, used 16361K [0x0000000780b00000, 0x0000000792100000, 0x00000007c0000000)
  eden space 190464K, 0% used [0x0000000780b00000,0x0000000780b00000,0x000000078c500000)
  from space 16384K, 99% used [0x000000078c500000,0x000000078d4fa4e0,0x000000078d500000)
  to   space 24064K, 0% used [0x0000000790980000,0x0000000790980000,0x0000000792100000)
 ParOldGen       total 95232K, used 28814K [0x0000000702000000, 0x0000000707d00000, 0x0000000780b00000)
  object space 95232K, 30% used [0x0000000702000000,0x0000000703c239e0,0x0000000707d00000)
 Metaspace       used 24048K, capacity 24552K, committed 24752K, reserved 1071104K
  class space    used 2808K, capacity 2965K, committed 2992K, reserved 1048576K
}
Event: 6.366 GC heap before
{Heap before GC invocations=9 (full 1):
 PSYoungGen      total 206848K, used 206825K [0x0000000780b00000, 0x0000000792100000, 0x00000007c0000000)
  eden space 190464K, 100% used [0x0000000780b00000,0x000000078c500000,0x000000078c500000)
  from space 16384K, 99% used [0x000000078c500000,0x000000078d4fa4e0,0x000000078d500000)
  to   space 24064K, 0% used [0x0000000790980000,0x0000000790980000,0x0000000792100000)
 ParOldGen       total 95232K, used 28814K [0x0000000702000000, 0x0000000707d00000, 0x0000000780b00000)
  object space 95232K, 30% used [0x0000000702000000,0x0000000703c239e0,0x0000000707d00000)
 Metaspace       used 24054K, capacity 24556K, committed 24752K, reserved 1071104K
  class space    used 2808K, capacity 2965K, committed 2992K, reserved 1048576K
Event: 6.409 GC heap after
Heap after GC invocations=9 (full 1):
 PSYoungGen      total 251904K, used 24044K [0x0000000780b00000, 0x0000000797a00000, 0x00000007c0000000)
  eden space 227840K, 0% used [0x0000000780b00000,0x0000000780b00000,0x000000078e980000)
  from space 24064K, 99% used [0x0000000790980000,0x00000007920fb070,0x0000000792100000)
  to   space 32768K, 0% used [0x000000078e980000,0x000000078e980000,0x0000000790980000)
 ParOldGen       total 95232K, used 41467K [0x0000000702000000, 0x0000000707d00000, 0x0000000780b00000)
  object space 95232K, 43% used [0x0000000702000000,0x000000070487ec50,0x0000000707d00000)
 Metaspace       used 24054K, capacity 24556K, committed 24752K, reserved 1071104K
  class space    used 2808K, capacity 2965K, committed 2992K, reserved 1048576K
}
Event: 7.318 GC heap before
{Heap before GC invocations=10 (full 1):
 PSYoungGen      total 251904K, used 251884K [0x0000000780b00000, 0x0000000797a00000, 0x00000007c0000000)
  eden space 227840K, 100% used [0x0000000780b00000,0x000000078e980000,0x000000078e980000)
  from space 24064K, 99% used [0x0000000790980000,0x00000007920fb070,0x0000000792100000)
  to   space 32768K, 0% used [0x000000078e980000,0x000000078e980000,0x0000000790980000)
 ParOldGen       total 95232K, used 41467K [0x0000000702000000, 0x0000000707d00000, 0x0000000780b00000)
  object space 95232K, 43% used [0x0000000702000000,0x000000070487ec50,0x0000000707d00000)
 Metaspace       used 24065K, capacity 24562K, committed 24752K, reserved 1071104K
  class space    used 2809K, capacity 2967K, committed 2992K, reserved 1048576K
Event: 7.357 GC heap after
Heap after GC invocations=10 (full 1):
 PSYoungGen      total 260608K, used 32741K [0x0000000780b00000, 0x0000000797a00000, 0x00000007c0000000)
  eden space 227840K, 0% used [0x0000000780b00000,0x0000000780b00000,0x000000078e980000)
  from space 32768K, 99% used [0x000000078e980000,0x0000000790979678,0x0000000790980000)
  to   space 24064K, 0% used [0x0000000790980000,0x0000000790980000,0x0000000792100000)
 ParOldGen       total 95232K, used 53476K [0x0000000702000000, 0x0000000707d00000, 0x0000000780b00000)
  object space 95232K, 56% used [0x0000000702000000,0x0000000705439388,0x0000000707d00000)
 Metaspace       used 24065K, capacity 24562K, committed 24752K, reserved 1071104K
  class space    used 2809K, capacity 2967K, committed 2992K, reserved 1048576K
}

